src/App.test.tsx(1,18): error TS2305: Module '"@testing-library/react"' has no exported member 'screen'.
src/App.test.tsx(2,17): error TS2307: Cannot find module './App' or its corresponding type declarations.
src/components/Button/index.tsx(3,34): error TS7031: Binding element 'label' implicitly has an 'any' type.
src/components/Button/index.tsx(3,41): error TS7031: Binding element 'color' implicitly has an 'any' type.
src/components/Button/index.tsx(3,48): error TS7031: Binding element 'callback' implicitly has an 'any' type.
src/components/Header/index.tsx(20,32): error TS7006: Parameter 'props' implicitly has an 'any' type.
src/components/Header/index.tsx(26,11): error TS2339: Property 'showMenu' does not exist on type 'unknown'.
src/components/Header/index.tsx(27,11): error TS2339: Property 'logged' does not exist on type 'unknown'.
src/components/Header/index.tsx(28,11): error TS2339: Property 'setSnackObject' does not exist on type 'unknown'.
src/components/Header/index.tsx(40,25): error TS7006: Parameter 'anchor' implicitly has an 'any' type.
src/components/Header/index.tsx(40,33): error TS7006: Parameter 'open' implicitly has an 'any' type.
src/components/Header/index.tsx(40,43): error TS7006: Parameter 'event' implicitly has an 'any' type.
src/components/Header/index.tsx(52,25): error TS2365: Operator '<=' cannot be applied to types 'boolean' and 'number'.
src/components/Header/index.tsx(53,22): error TS2345: Argument of type 'boolean' is not assignable to parameter of type 'SetStateAction<number>'.
src/components/Header/index.tsx(54,16): error TS2365: Operator '>' cannot be applied to types 'boolean' and 'number'.
src/components/Header/index.tsx(106,22): error TS2339: Property 'value' does not exist on type 'Element'.
src/components/Header/index.tsx(161,19): error TS7006: Parameter 'logged' implicitly has an 'any' type.
src/components/Header/index.tsx(161,27): error TS7006: Parameter 'showMenu' implicitly has an 'any' type.
src/components/Header/index.tsx(161,37): error TS7006: Parameter 'toggleDrawer' implicitly has an 'any' type.
src/components/HeaderMenu/index.tsx(5,38): error TS7031: Binding element 'title' implicitly has an 'any' type.
src/components/HeaderMenu/index.tsx(5,45): error TS7031: Binding element 'actionButton' implicitly has an 'any' type.
src/components/Login/index.tsx(22,11): error TS2339: Property 'setLogged' does not exist on type 'unknown'.
src/components/Login/index.tsx(23,11): error TS2339: Property 'setSnackObject' does not exist on type 'unknown'.
src/components/Login/index.tsx(47,18): error TS2339: Property 'response' does not exist on type '{}'.
src/components/Login/index.tsx(59,8): error TS2741: Property 'actionButton' is missing in type '{ title: string; }' but required in type '{ title: any; actionButton: any; }'.
src/components/NewUrl/index.tsx(32,11): error TS2339: Property 'setLoading' does not exist on type '{}'.
src/components/NewUrl/index.tsx(34,11): error TS2339: Property 'setSnackObject' does not exist on type 'unknown'.
src/components/NewUrl/index.tsx(66,18): error TS2339: Property 'response' does not exist on type '{}'.
src/components/NewUrl/index.tsx(92,8): error TS2741: Property 'actionButton' is missing in type '{ title: string; }' but required in type '{ title: any; actionButton: any; }'.
src/components/NewUrl/index.tsx(221,29): error TS2345: Argument of type 'string' is not assignable to parameter of type 'SetStateAction<null>'.
src/components/Options/index.tsx(24,35): error TS7031: Binding element 'handleCloseMenu' implicitly has an 'any' type.
src/components/Options/index.tsx(30,11): error TS2339: Property 'format' does not exist on type 'unknown'.
src/components/Options/index.tsx(30,34): error TS2339: Property 'setFormat' does not exist on type 'unknown'.
src/components/Options/index.tsx(32,11): error TS2339: Property 'setShowMenu' does not exist on type 'unknown'.
src/components/Options/index.tsx(33,11): error TS2339: Property 'setSnackObject' does not exist on type 'unknown'.
src/components/hooks/useDebounce.tsx(3,37): error TS7006: Parameter 'fn' implicitly has an 'any' type.
src/components/hooks/useDebounce.tsx(3,41): error TS7006: Parameter 'delay' implicitly has an 'any' type.
src/components/hooks/useDebounce.tsx(6,24): error TS7019: Rest parameter 'args' implicitly has an 'any[]' type.
src/components/hooks/useDebounce.tsx(7,25): error TS2769: No overload matches this call.
  Overload 1 of 2, '(id: number | undefined): void', gave the following error.
    Argument of type 'null' is not assignable to parameter of type 'number | undefined'.
  Overload 2 of 2, '(timeout: string | number | Timeout | undefined): void', gave the following error.
    Argument of type 'null' is not assignable to parameter of type 'string | number | Timeout | undefined'.
src/components/hooks/useDebounce.tsx(8,5): error TS2322: Type 'number' is not assignable to type 'null'.
src/components/hooks/useGetFormatedDate.ts(11,5): error TS2322: Type 'string' is not assignable to type 'number'.
src/components/hooks/useGetFormatedDate.ts(15,5): error TS2322: Type 'string' is not assignable to type 'number'.
src/components/hooks/useGetFormatedDate.ts(20,5): error TS2322: Type 'string' is not assignable to type 'number'.
src/components/hooks/useWindowWidth.tsx(7,14): error TS2345: Argument of type 'number' is not assignable to parameter of type 'SetStateAction<boolean>'.
src/context/authContext.tsx(3,28): error TS2554: Expected 1 arguments, but got 0.
src/context/authContext.tsx(5,30): error TS7006: Parameter 'props' implicitly has an 'any' type.
src/context/loadingContext.tsx(4,31): error TS2554: Expected 1 arguments, but got 0.
src/context/loadingContext.tsx(6,33): error TS7006: Parameter 'props' implicitly has an 'any' type.
src/context/menuContext.tsx(3,28): error TS2554: Expected 1 arguments, but got 0.
src/context/menuContext.tsx(5,30): error TS7006: Parameter 'props' implicitly has an 'any' type.
src/context/padContext.tsx(3,27): error TS2554: Expected 1 arguments, but got 0.
src/context/padContext.tsx(5,29): error TS7006: Parameter 'props' implicitly has an 'any' type.
src/context/snackbarContext.tsx(4,32): error TS2554: Expected 1 arguments, but got 0.
src/context/snackbarContext.tsx(6,34): error TS7006: Parameter 'props' implicitly has an 'any' type.
src/context/snackbarContext.tsx(39,13): error TS2322: Type 'string' is not assignable to type 'OverridableStringUnion<AlertColor, AlertPropsColorOverrides> | undefined'.
src/globalStyles.ts(56,5): error TS2322: Type 'string[]' is not assignable to type 'FontFamily | undefined'.
  Type 'string[]' is not assignable to type 'string & {}'.
    Type 'string[]' is not assignable to type 'string'.
src/index.tsx(18,25): error TS2345: Argument of type 'HTMLElement | null' is not assignable to parameter of type 'Container'.
  Type 'null' is not assignable to type 'Container'.
src/index.tsx(46,1): error TS2554: Expected 1 arguments, but got 0.
src/pages/Pad/index.tsx(13,38): error TS7016: Could not find a declaration file for module 'prismjs/components/prism-core'. '/home/jarod/Documentos/development/unipad-frontend/node_modules/prismjs/components/prism-core.js' implicitly has an 'any' type.
  Try `npm i --save-dev @types/prismjs` if it exists or add a new declaration (.d.ts) file containing `declare module 'prismjs/components/prism-core';`
src/pages/Pad/index.tsx(27,8): error TS2882: Cannot find module or type declarations for side-effect import of './prism.css'.
src/pages/Pad/index.tsx(43,11): error TS2339: Property 'setLoading' does not exist on type '{}'.
src/pages/Pad/index.tsx(46,11): error TS2339: Property 'setFormat' does not exist on type 'unknown'.
src/pages/Pad/index.tsx(46,42): error TS2339: Property 'format' does not exist on type 'unknown'.
src/pages/Pad/index.tsx(48,11): error TS2339: Property 'logged' does not exist on type 'unknown'.
src/pages/Pad/index.tsx(48,19): error TS2339: Property 'setLogged' does not exist on type 'unknown'.
src/pages/Pad/index.tsx(49,11): error TS2339: Property 'setShowMenu' does not exist on type 'unknown'.
src/pages/Pad/index.tsx(50,11): error TS2339: Property 'setSnackObject' does not exist on type 'unknown'.
src/pages/Pad/index.tsx(102,18): error TS2339: Property 'response' does not exist on type '{}'.
src/pages/Pad/index.tsx(112,18): error TS2339: Property 'response' does not exist on type '{}'.
src/pages/Pad/index.tsx(122,18): error TS2339: Property 'response' does not exist on type '{}'.
src/pages/Pad/index.tsx(152,18): error TS2339: Property 'response' does not exist on type '{}'.
src/reportWebVitals.ts(1,25): error TS7006: Parameter 'onPerfEntry' implicitly has an 'any' type.
src/reportWebVitals.ts(3,34): error TS2339: Property 'getCLS' does not exist on type 'typeof import("/home/jarod/Documentos/development/unipad-frontend/node_modules/web-vitals/dist/modules/index")'.
src/reportWebVitals.ts(3,42): error TS2339: Property 'getFID' does not exist on type 'typeof import("/home/jarod/Documentos/development/unipad-frontend/node_modules/web-vitals/dist/modules/index")'.
src/reportWebVitals.ts(3,50): error TS2339: Property 'getFCP' does not exist on type 'typeof import("/home/jarod/Documentos/development/unipad-frontend/node_modules/web-vitals/dist/modules/index")'.
src/reportWebVitals.ts(3,58): error TS2339: Property 'getLCP' does not exist on type 'typeof import("/home/jarod/Documentos/development/unipad-frontend/node_modules/web-vitals/dist/modules/index")'.
src/reportWebVitals.ts(3,66): error TS2339: Property 'getTTFB' does not exist on type 'typeof import("/home/jarod/Documentos/development/unipad-frontend/node_modules/web-vitals/dist/modules/index")'.
